e:\studying\myhomework_classthreefs\compilation\cplab1\pl0_lexicaanalysis\pl0_lexicaanalysis\debug\pl0_lexicaanalysis.pch
e:\studying\myhomework_classthreefs\compilation\cplab1\pl0_lexicaanalysis\pl0_lexicaanalysis\debug\vc140.pdb
e:\studying\myhomework_classthreefs\compilation\cplab1\pl0_lexicaanalysis\pl0_lexicaanalysis\debug\vc140.idb
e:\studying\myhomework_classthreefs\compilation\cplab1\pl0_lexicaanalysis\pl0_lexicaanalysis\debug\stdafx.obj
e:\studying\myhomework_classthreefs\compilation\cplab1\pl0_lexicaanalysis\pl0_lexicaanalysis\debug\compiler.obj
e:\studying\myhomework_classthreefs\compilation\cplab1\pl0_lexicaanalysis\pl0_lexicaanalysis\debug\judge.obj
e:\studying\myhomework_classthreefs\compilation\cplab1\pl0_lexicaanalysis\pl0_lexicaanalysis\debug\pl0_lexicaanalysis.obj
e:\studying\myhomework_classthreefs\compilation\cplab1\pl0_lexicaanalysis\pl0_lexicaanalysis\debug\pl0_lexicaanalysisdlg.obj
e:\studying\myhomework_classthreefs\compilation\cplab1\pl0_lexicaanalysis\debug\pl0_lexicaanalysis.ilk
e:\studying\myhomework_classthreefs\compilation\cplab1\pl0_lexicaanalysis\debug\pl0_lexicaanalysis.exe
e:\studying\myhomework_classthreefs\compilation\cplab1\pl0_lexicaanalysis\debug\pl0_lexicaanalysis.pdb
e:\studying\myhomework_classthreefs\compilation\cplab1\pl0_lexicaanalysis\pl0_lexicaanalysis\debug\pl0_lexicaanalysis.res
e:\studying\myhomework_classthreefs\compilation\cplab1\pl0_lexicaanalysis\pl0_lexicaanalysis\debug\pl0_lexi.9bfafe21.tlog\cl.command.1.tlog
e:\studying\myhomework_classthreefs\compilation\cplab1\pl0_lexicaanalysis\pl0_lexicaanalysis\debug\pl0_lexi.9bfafe21.tlog\cl.read.1.tlog
e:\studying\myhomework_classthreefs\compilation\cplab1\pl0_lexicaanalysis\pl0_lexicaanalysis\debug\pl0_lexi.9bfafe21.tlog\cl.write.1.tlog
e:\studying\myhomework_classthreefs\compilation\cplab1\pl0_lexicaanalysis\pl0_lexicaanalysis\debug\pl0_lexi.9bfafe21.tlog\link.command.1.tlog
e:\studying\myhomework_classthreefs\compilation\cplab1\pl0_lexicaanalysis\pl0_lexicaanalysis\debug\pl0_lexi.9bfafe21.tlog\link.read.1.tlog
e:\studying\myhomework_classthreefs\compilation\cplab1\pl0_lexicaanalysis\pl0_lexicaanalysis\debug\pl0_lexi.9bfafe21.tlog\link.write.1.tlog
e:\studying\myhomework_classthreefs\compilation\cplab1\pl0_lexicaanalysis\pl0_lexicaanalysis\debug\pl0_lexi.9bfafe21.tlog\rc.command.1.tlog
e:\studying\myhomework_classthreefs\compilation\cplab1\pl0_lexicaanalysis\pl0_lexicaanalysis\debug\pl0_lexi.9bfafe21.tlog\rc.read.1.tlog
e:\studying\myhomework_classthreefs\compilation\cplab1\pl0_lexicaanalysis\pl0_lexicaanalysis\debug\pl0_lexi.9bfafe21.tlog\rc.write.1.tlog
